#
# A fatal error has been detected by the Java Runtime Environment:
#
#  EXCEPTION_ACCESS_VIOLATION (0xc0000005) at pc=0x5d6b0c10, pid=8104, tid=6520
#
# JRE version: 7.0_10-b18
# Java VM: Java HotSpot(TM) Client VM (23.6-b04 mixed mode windows-x86 )
# Problematic frame:
# V  [jvm.dll+0x20c10]
#
# Failed to write core dump. Minidumps are not enabled by default on client versions of Windows
#
# If you would like to submit a bug report, please visit:
#   http://bugreport.sun.com/bugreport/crash.jsp
#

---------------  T H R E A D  ---------------

Current thread (0x1868b800):  JavaThread "JDWP Transport Listener: dt_socket" daemon [_thread_in_vm, id=6520, stack(0x18d20000,0x18d70000)]

siginfo: ExceptionCode=0xc0000005, reading address 0x00000008

Registers:
EAX=0x044a5c08, EBX=0x044a5c08, ECX=0x00000000, EDX=0x00000000
ESP=0x18d6f780, EBP=0x18d6f784, ESI=0x00000000, EDI=0x1868b800
EIP=0x5d6b0c10, EFLAGS=0x00010246

Top of Stack: (sp=0x18d6f780)
0x18d6f780:   1868b928 18d6f7ac 5d7364d3 044a5c08
0x18d6f790:   1868b928 5d38e174 5d38e15c 1868b800
0x18d6f7a0:   00000000 1868b928 18d6f870 5d38e99c
0x18d6f7b0:   5d3763b2 1868b928 187f2528 00000000
0x18d6f7c0:   18d6f7e4 18d6f870 19f63238 18d6f820
0x18d6f7d0:   187f2528 18d6f7f0 5d37bd12 18d6f7f0
0x18d6f7e0:   18d6f824 5d38e890 5d355004 5d392c68
0x18d6f7f0:   19e9bc10 0000000b 00000000 00000013 

Instructions: (pc=0x5d6b0c10)
0x5d6b0bf0:   8b 0d 38 0d 99 5d 85 c9 7e 05 8b 0c 01 eb 02 33
0x5d6b0c00:   c9 8b 15 3c 0d 99 5d 85 d2 7e 05 8b 04 02 eb 03
0x5d6b0c10:   8b 46 08 85 c0 75 0f 33 c9 50 51 e8 f0 cb 14 00
0x5d6b0c20:   83 c4 08 5e 5d c3 8d 4c 4e 0c 50 51 e8 df cb 14 


Register to memory mapping:

EAX=
[error occurred during error reporting (printing register info), id 0xc0000005]

Stack: [0x18d20000,0x18d70000],  sp=0x18d6f780,  free space=317k
Native frames: (J=compiled Java code, j=interpreted, Vv=VM code, C=native code)
V  [jvm.dll+0x20c10]
V  [jvm.dll+0xa64d3]


---------------  P R O C E S S  ---------------

Java Threads: ( => current thread )
  0x19ef3800 JavaThread "TimerQueue" daemon [_thread_blocked, id=3908, stack(0x1a260000,0x1a2b0000)]
  0x0081b800 JavaThread "DestroyJavaVM" [_thread_blocked, id=5996, stack(0x008e0000,0x00930000)]
  0x187ff000 JavaThread "AWT-EventQueue-0" [_thread_blocked, id=7776, stack(0x19d30000,0x19d80000)]
  0x1876ec00 JavaThread "AWT-Windows" daemon [_thread_in_native, id=2596, stack(0x196f0000,0x19740000)]
  0x1876e000 JavaThread "AWT-Shutdown" [_thread_blocked, id=436, stack(0x19660000,0x196b0000)]
  0x18769800 JavaThread "Java2D Disposer" daemon [_thread_blocked, id=2148, stack(0x195d0000,0x19620000)]
  0x1869e000 JavaThread "Service Thread" daemon [_thread_blocked, id=3820, stack(0x18f60000,0x18fb0000)]
  0x1869d800 JavaThread "C1 CompilerThread0" daemon [_thread_blocked, id=4476, stack(0x18ed0000,0x18f20000)]
  0x18697000 JavaThread "JDWP Command Reader" daemon [_thread_in_native, id=7220, stack(0x18e40000,0x18e90000)]
  0x1868e000 JavaThread "JDWP Event Helper Thread" daemon [_thread_blocked, id=4084, stack(0x18db0000,0x18e00000)]
=>0x1868b800 JavaThread "JDWP Transport Listener: dt_socket" daemon [_thread_in_vm, id=6520, stack(0x18d20000,0x18d70000)]
  0x1867f400 JavaThread "Attach Listener" daemon [_thread_blocked, id=1692, stack(0x18910000,0x18960000)]
  0x1867d000 JavaThread "Signal Dispatcher" daemon [_thread_blocked, id=7900, stack(0x18880000,0x188d0000)]
  0x02446000 JavaThread "Finalizer" daemon [_thread_blocked, id=4884, stack(0x185f0000,0x18640000)]
  0x02440400 JavaThread "Reference Handler" daemon [_thread_blocked, id=884, stack(0x185a0000,0x185f0000)]

Other Threads:
  0x02438c00 VMThread [stack: 0x18550000,0x185a0000] [id=8032]
  0x186a7000 WatcherThread [stack: 0x18ff0000,0x19040000] [id=4436]

VM state:not at safepoint (normal execution)

VM Mutex/Monitor currently owned by a thread: None

Heap
 def new generation   total 4928K, used 329K [0x044a0000, 0x049f0000, 0x099f0000)
  eden space 4416K,   1% used [0x044a0000, 0x044b4ea0, 0x048f0000)
  from space 512K,  48% used [0x04970000, 0x049ad918, 0x049f0000)
  to   space 512K,   0% used [0x048f0000, 0x048f0000, 0x04970000)
 tenured generation   total 10944K, used 3479K [0x099f0000, 0x0a4a0000, 0x144a0000)
   the space 10944K,  31% used [0x099f0000, 0x09d55d40, 0x09d55e00, 0x0a4a0000)
 compacting perm gen  total 12288K, used 7349K [0x144a0000, 0x150a0000, 0x184a0000)
   the space 12288K,  59% used [0x144a0000, 0x14bcd748, 0x14bcd800, 0x150a0000)
No shared spaces configured.

Card table byte_map: [0x184a0000,0x18550000] byte_map_base: 0x1847db00

Polling page: 0x007c0000

Code Cache  [0x024a0000, 0x025f0000, 0x044a0000)
 total_blobs=741 nmethods=516 adapters=168 free_code_cache=31437Kb largest_free_block=32192192

Compilation events (10 events):
Event: 88.764 Thread 0x1869d800  510             javax.swing.UIManager::getDefaults (10 bytes)
Event: 88.764 Thread 0x1869d800 nmethod 510 0x025eb308 code [0x025eb410, 0x025eb4a8]
Event: 89.373 Thread 0x1869d800  511             sun.awt.windows.WWindowPeer::preprocessPostEvent (72 bytes)
Event: 89.373 Thread 0x1869d800 nmethod 511 0x025eb688 code [0x025eb7b0, 0x025eb928]
Event: 89.438 Thread 0x1869d800  512             java.awt.EventQueue::coalesceMouseEvent (53 bytes)
Event: 89.438 Thread 0x1869d800 nmethod 512 0x025eba08 code [0x025ebb20, 0x025ebcac]
Event: 89.438 Thread 0x1869d800  513             sun.awt.windows.WInputMethod::dispatchEvent (66 bytes)
Event: 89.438 Thread 0x1869d800 nmethod 513 0x025ebe48 code [0x025ebf60, 0x025ec138]
Event: 95.414 Thread 0x1869d800  516             sun.java2d.SunGraphics2D::getSurfaceData (5 bytes)
Event: 95.414 Thread 0x1869d800 nmethod 516 0x025ec788 code [0x025ec880, 0x025ec900]

GC Heap History (6 events):
Event: 4.202 GC heap before
{Heap before GC invocations=0 (full 0):
 def new generation   total 4928K, used 2638K [0x044a0000, 0x049f0000, 0x099f0000)
  eden space 4416K,  59% used [0x044a0000, 0x04733910, 0x048f0000)
  from space 512K,   0% used [0x048f0000, 0x048f0000, 0x04970000)
  to   space 512K,   0% used [0x04970000, 0x04970000, 0x049f0000)
 tenured generation   total 10944K, used 0K [0x099f0000, 0x0a4a0000, 0x144a0000)
   the space 10944K,   0% used [0x099f0000, 0x099f0000, 0x099f0200, 0x0a4a0000)
 compacting perm gen  total 12288K, used 6839K [0x144a0000, 0x150a0000, 0x184a0000)
   the space 12288K,  55% used [0x144a0000, 0x14b4dfd8, 0x14b4e000, 0x150a0000)
No shared spaces configured.
Event: 4.210 GC heap after
Heap after GC invocations=1 (full 0):
 def new generation   total 4928K, used 512K [0x044a0000, 0x049f0000, 0x099f0000)
  eden space 4416K,   0% used [0x044a0000, 0x044a0000, 0x048f0000)
  from space 512K, 100% used [0x04970000, 0x049f0000, 0x049f0000)
  to   space 512K,   0% used [0x048f0000, 0x048f0000, 0x04970000)
 tenured generation   total 10944K, used 756K [0x099f0000, 0x0a4a0000, 0x144a0000)
   the space 10944K,   6% used [0x099f0000, 0x09aad128, 0x09aad200, 0x0a4a0000)
 compacting perm gen  total 12288K, used 6839K [0x144a0000, 0x150a0000, 0x184a0000)
   the space 12288K,  55% used [0x144a0000, 0x14b4dfd8, 0x14b4e000, 0x150a0000)
No shared spaces configured.
}
Event: 29.527 GC heap before
{Heap before GC invocations=1 (full 0):
 def new generation   total 4928K, used 4928K [0x044a0000, 0x049f0000, 0x099f0000)
  eden space 4416K, 100% used [0x044a0000, 0x048f0000, 0x048f0000)
  from space 512K, 100% used [0x04970000, 0x049f0000, 0x049f0000)
  to   space 512K,   0% used [0x048f0000, 0x048f0000, 0x04970000)
 tenured generation   total 10944K, used 756K [0x099f0000, 0x0a4a0000, 0x144a0000)
   the space 10944K,   6% used [0x099f0000, 0x09aad128, 0x09aad200, 0x0a4a0000)
 compacting perm gen  total 12288K, used 7306K [0x144a0000, 0x150a0000, 0x184a0000)
   the space 12288K,  59% used [0x144a0000, 0x14bc2be0, 0x14bc2c00, 0x150a0000)
No shared spaces configured.
Event: 29.533 GC heap after
Heap after GC invocations=2 (full 0):
 def new generation   total 4928K, used 112K [0x044a0000, 0x049f0000, 0x099f0000)
  eden space 4416K,   0% used [0x044a0000, 0x044a0000, 0x048f0000)
  from space 512K,  22% used [0x048f0000, 0x0490c350, 0x04970000)
  to   space 512K,   0% used [0x04970000, 0x04970000, 0x049f0000)
 tenured generation   total 10944K, used 3479K [0x099f0000, 0x0a4a0000, 0x144a0000)
   the space 10944K,  31% used [0x099f0000, 0x09d55d40, 0x09d55e00, 0x0a4a0000)
 compacting perm gen  total 12288K, used 7306K [0x144a0000, 0x150a0000, 0x184a0000)
   the space 12288K,  59% used [0x144a0000, 0x14bc2be0, 0x14bc2c00, 0x150a0000)
No shared spaces configured.
}
Event: 98.239 GC heap before
{Heap before GC invocations=2 (full 0):
 def new generation   total 4928K, used 4528K [0x044a0000, 0x049f0000, 0x099f0000)
  eden space 4416K, 100% used [0x044a0000, 0x048f0000, 0x048f0000)
  from space 512K,  22% used [0x048f0000, 0x0490c350, 0x04970000)
  to   space 512K,   0% used [0x04970000, 0x04970000, 0x049f0000)
 tenured generation   total 10944K, used 3479K [0x099f0000, 0x0a4a0000, 0x144a0000)
   the space 10944K,  31% used [0x099f0000, 0x09d55d40, 0x09d55e00, 0x0a4a0000)
 compacting perm gen  total 12288K, used 7349K [0x144a0000, 0x150a0000, 0x184a0000)
   the space 12288K,  59% used [0x144a0000, 0x14bcd748, 0x14bcd800, 0x150a0000)
No shared spaces configured.
Event: 98.243 GC heap after
Heap after GC invocations=3 (full 0):
 def new generation   total 4928K, used 246K [0x044a0000, 0x049f0000, 0x099f0000)
  eden space 4416K,   0% used [0x044a0000, 0x044a0000, 0x048f0000)
  from space 512K,  48% used [0x04970000, 0x049ad918, 0x049f0000)
  to   space 512K,   0% used [0x048f0000, 0x048f0000, 0x04970000)
 tenured generation   total 10944K, used 3479K [0x099f0000, 0x0a4a0000, 0x144a0000)
   the space 10944K,  31% used [0x099f0000, 0x09d55d40, 0x09d55e00, 0x0a4a0000)
 compacting perm gen  total 12288K, used 7349K [0x144a0000, 0x150a0000, 0x184a0000)
   the space 12288K,  59% used [0x144a0000, 0x14bcd748, 0x14bcd800, 0x150a0000)
No shared spaces configured.
}

Deoptimization events (0 events):
No events

Internal exceptions (10 events):
Event: 1.028 Thread 0x0081b800 Threw 0x0452de48 at C:\jdk7u2_32P\jdk7u10\hotspot\src\share\vm\prims\jni.cpp:716
Event: 1.336 Thread 0x0081b800 Threw 0x0462dea8 at C:\jdk7u2_32P\jdk7u10\hotspot\src\share\vm\prims\jvm.cpp:1166
Event: 1.336 Thread 0x0081b800 Threw 0x0462dfc0 at C:\jdk7u2_32P\jdk7u10\hotspot\src\share\vm\prims\jvm.cpp:1166
Event: 1.337 Thread 0x0081b800 Threw 0x046320b8 at C:\jdk7u2_32P\jdk7u10\hotspot\src\share\vm\prims\jvm.cpp:1166
Event: 1.337 Thread 0x0081b800 Threw 0x046321d0 at C:\jdk7u2_32P\jdk7u10\hotspot\src\share\vm\prims\jvm.cpp:1166
Event: 3.872 Thread 0x187ff000 Threw 0x0468d5c0 at C:\jdk7u2_32P\jdk7u10\hotspot\src\share\vm\prims\jvm.cpp:1166
Event: 3.874 Thread 0x187ff000 Threw 0x04691478 at C:\jdk7u2_32P\jdk7u10\hotspot\src\share\vm\prims\jvm.cpp:1166
Event: 3.874 Thread 0x187ff000 Threw 0x04694238 at C:\jdk7u2_32P\jdk7u10\hotspot\src\share\vm\prims\jvm.cpp:1166
Event: 4.055 Thread 0x187ff000 Threw 0x046f0998 at C:\jdk7u2_32P\jdk7u10\hotspot\src\share\vm\prims\jvm.cpp:1166
Event: 15.191 Thread 0x187ff000 Threw 0x04760c68 at C:\jdk7u2_32P\jdk7u10\hotspot\src\share\vm\prims\jvm.cpp:1166

Events (10 events):
Event: 244.615 Executing VM operation: ChangeSingleStep
Event: 244.615 Executing VM operation: ChangeSingleStep done
Event: 244.627 Executing VM operation: GetOrSetLocal
Event: 244.627 Executing VM operation: GetOrSetLocal done
Event: 244.629 Executing VM operation: GetOrSetLocal
Event: 244.629 Executing VM operation: GetOrSetLocal done
Event: 244.815 Executing VM operation: GetOrSetLocal
Event: 244.815 Executing VM operation: GetOrSetLocal done
Event: 244.815 Executing VM operation: GetOrSetLocal
Event: 244.815 Executing VM operation: GetOrSetLocal done


Dynamic libraries:
0x00f20000 - 0x00f4f000 	C:\Program Files (x86)\Java\jdk1.7.0_10\bin\javaw.exe
0x77430000 - 0x77587000 	C:\Windows\SYSTEM32\ntdll.dll
0x75560000 - 0x75690000 	C:\Windows\SYSTEM32\KERNEL32.DLL
0x74b70000 - 0x74c16000 	C:\Windows\SYSTEM32\KERNELBASE.dll
0x754a0000 - 0x7554e000 	C:\Windows\SYSTEM32\ADVAPI32.dll
0x77250000 - 0x77366000 	C:\Windows\SYSTEM32\USER32.dll
0x74400000 - 0x745f7000 	C:\Windows\WinSxS\x86_microsoft.windows.common-controls_6595b64144ccf1df_6.0.9200.16384_none_893961408605e985\COMCTL32.dll
0x753e0000 - 0x75491000 	C:\Windows\SYSTEM32\msvcrt.dll
0x74dd0000 - 0x74e04000 	C:\Windows\SYSTEM32\sechost.dll
0x76a40000 - 0x76aec000 	C:\Windows\SYSTEM32\RPCRT4.dll
0x76cb0000 - 0x76dad000 	C:\Windows\SYSTEM32\GDI32.dll
0x74ad0000 - 0x74aec000 	C:\Windows\SYSTEM32\SspiCli.dll
0x74ac0000 - 0x74ac9000 	C:\Windows\SYSTEM32\CRYPTBASE.dll
0x74a60000 - 0x74ab1000 	C:\Windows\SYSTEM32\bcryptPrimitives.dll
0x75280000 - 0x752a0000 	C:\Windows\system32\IMM32.DLL
0x75020000 - 0x750fd000 	C:\Windows\SYSTEM32\MSCTF.dll
0x74950000 - 0x74985000 	C:\Windows\SYSTEM32\nvinit.dll
0x5d9e0000 - 0x5da9d000 	C:\Program Files (x86)\Java\jdk1.7.0_10\jre\bin\msvcr100.dll
0x5d690000 - 0x5d9dc000 	C:\Program Files (x86)\Java\jdk1.7.0_10\jre\bin\client\jvm.dll
0x73c10000 - 0x73c18000 	C:\Windows\SYSTEM32\WSOCK32.dll
0x73be0000 - 0x73c01000 	C:\Windows\SYSTEM32\WINMM.dll
0x74e10000 - 0x74e16000 	C:\Windows\SYSTEM32\PSAPI.DLL
0x76db0000 - 0x76e00000 	C:\Windows\SYSTEM32\WS2_32.dll
0x73bb0000 - 0x73bda000 	C:\Windows\SYSTEM32\WINMMBASE.dll
0x75010000 - 0x75018000 	C:\Windows\SYSTEM32\NSI.dll
0x5d680000 - 0x5d68c000 	C:\Program Files (x86)\Java\jdk1.7.0_10\jre\bin\verify.dll
0x5d660000 - 0x5d680000 	C:\Program Files (x86)\Java\jdk1.7.0_10\jre\bin\java.dll
0x5d370000 - 0x5d39a000 	C:\Program Files (x86)\Java\jdk1.7.0_10\jre\bin\jdwp.dll
0x5d360000 - 0x5d367000 	C:\Program Files (x86)\Java\jdk1.7.0_10\jre\bin\npt.dll
0x5d640000 - 0x5d653000 	C:\Program Files (x86)\Java\jdk1.7.0_10\jre\bin\zip.dll
0x5d350000 - 0x5d358000 	C:\Program Files (x86)\Java\jdk1.7.0_10\jre\bin\dt_socket.dll
0x6fc70000 - 0x6fc80000 	C:\Windows\system32\napinsp.dll
0x6fc50000 - 0x6fc64000 	C:\Windows\system32\pnrpnsp.dll
0x6fc40000 - 0x6fc50000 	C:\Windows\system32\NLAapi.dll
0x73a00000 - 0x73a4a000 	C:\Windows\System32\mswsock.dll
0x73520000 - 0x73595000 	C:\Windows\SYSTEM32\DNSAPI.dll
0x6fc30000 - 0x6fc39000 	C:\Windows\System32\winrnr.dll
0x6fc20000 - 0x6fc30000 	C:\Windows\system32\wshbth.dll
0x734f0000 - 0x73511000 	C:\Program Files (x86)\Bonjour\mdnsNSP.dll
0x734d0000 - 0x734f0000 	C:\Windows\SYSTEM32\Iphlpapi.DLL
0x734c0000 - 0x734c8000 	C:\Windows\SYSTEM32\WINNSI.DLL
0x73470000 - 0x734af000 	C:\Windows\System32\fwpuclnt.dll
0x734b0000 - 0x734b7000 	C:\Windows\System32\rasadhlp.dll
0x5d4f0000 - 0x5d632000 	C:\Program Files (x86)\Java\jdk1.7.0_10\jre\bin\awt.dll
0x74c20000 - 0x74cab000 	C:\Windows\SYSTEM32\OLEAUT32.dll
0x752a0000 - 0x753d6000 	C:\Windows\SYSTEM32\combase.dll
0x67970000 - 0x67a17000 	C:\Windows\system32\apphelp.dll
0x706f0000 - 0x70709000 	C:\Windows\system32\DWMAPI.DLL
0x70550000 - 0x705d8000 	C:\Windows\system32\uxtheme.dll
0x74cb0000 - 0x74dc9000 	C:\Windows\SYSTEM32\ole32.dll
0x75970000 - 0x76a36000 	C:\Windows\SYSTEM32\SHELL32.dll
0x75100000 - 0x75140000 	C:\Windows\SYSTEM32\SHLWAPI.dll
0x73b30000 - 0x73ba5000 	C:\Windows\SYSTEM32\shcore.dll
0x5d4c0000 - 0x5d4ea000 	C:\Program Files (x86)\Java\jdk1.7.0_10\jre\bin\fontmanager.dll
0x5d4a0000 - 0x5d4b4000 	C:\Program Files (x86)\Java\jdk1.7.0_10\jre\bin\net.dll
0x5d490000 - 0x5d49f000 	C:\Program Files (x86)\Java\jdk1.7.0_10\jre\bin\nio.dll
0x5d450000 - 0x5d481000 	C:\Program Files (x86)\Java\jdk1.7.0_10\jre\bin\t2k.dll
0x74af0000 - 0x74b64000 	C:\Windows\SYSTEM32\clbcatq.dll
0x67370000 - 0x674b6000 	C:\Windows\SYSTEM32\WindowsCodecs.dll
0x73b10000 - 0x73b21000 	C:\Windows\SYSTEM32\profapi.dll
0x6fc10000 - 0x6fc1e000 	C:\Program Files (x86)\Java\jdk1.7.0_10\jre\bin\JdbcOdbc.dll
0x5d3a0000 - 0x5d441000 	C:\Windows\SYSTEM32\ODBC32.dll
0x70650000 - 0x7066a000 	C:\Windows\SYSTEM32\bcrypt.dll
0x74200000 - 0x742a3000 	C:\Windows\WinSxS\x86_microsoft.vc90.crt_1fc8b3b9a1e18e3b_9.0.30729.6871_none_50944e7cbcb706e5\MSVCR90.dll
0x5c140000 - 0x5d305000 	C:\Program Files (x86)\Common Files\Microsoft Shared\office14\mso.dll
0x5dac0000 - 0x5dd0e000 	C:\Windows\SYSTEM32\msi.dll
0x5bae0000 - 0x5bcfa000 	C:\Program Files (x86)\Common Files\Microsoft Shared\OFFICE14\ACECORE.DLL
0x675f0000 - 0x6767e000 	C:\Windows\WinSxS\x86_microsoft.vc90.crt_1fc8b3b9a1e18e3b_9.0.30729.6871_none_50944e7cbcb706e5\MSVCP90.dll
0x5ba00000 - 0x5bad2000 	C:\Program Files (x86)\Common Files\Microsoft Shared\OFFICE14\1033\ACEWSTR.DLL
0x574d0000 - 0x5b9fa000 	C:\Program Files (x86)\Common Files\Microsoft Shared\office14\MSORES.DLL
0x57230000 - 0x57493000 	C:\Program Files (x86)\Common Files\Microsoft Shared\office14\1033\MSOINTL.DLL
0x57180000 - 0x5722a000 	C:\Program Files (x86)\Common Files\Microsoft Shared\office14\ACEES.DLL
0x740b0000 - 0x740b8000 	C:\Windows\SYSTEM32\VERSION.dll
0x57170000 - 0x5717e000 	C:\Program Files (x86)\Common Files\Microsoft Shared\OFFICE14\VBAJET32.DLL
0x1ea90000 - 0x1eb01000 	C:\Program Files (x86)\Common Files\Microsoft Shared\OFFICE14\expsrv.dll
0x67240000 - 0x67369000 	C:\Windows\SYSTEM32\dbghelp.dll

VM Arguments:
jvm_args: -agentlib:jdwp=transport=dt_socket,suspend=y,address=localhost:18836 -Dfile.encoding=Cp1252 
java_command: Master
Launcher Type: SUN_STANDARD

Environment Variables:
CLASSPATH=.;C:\Program Files (x86)\Java\jre7\lib\ext\QTJava.zip
PATH=C:\Program Files (x86)\Java\jdk1.7.0_10\jre\bin;C:/Program Files (x86)/Java/jre7/bin/client;C:/Program Files (x86)/Java/jre7/bin;C:/Program Files (x86)/Java/jre7/lib/i386;C:\Program Files (x86)\NVIDIA Corporation\PhysX\Common;C:\Program Files (x86)\Intel\iCLS Client\;C:\Program Files\Intel\iCLS Client\;C:\Windows\system32;C:\Windows;C:\Windows\System32\Wbem;C:\Windows\System32\WindowsPowerShell\v1.0\;C:\Program Files\Intel\Intel(R) Management Engine Components\DAL;C:\Program Files\Intel\Intel(R) Management Engine Components\IPT;C:\Program Files (x86)\Intel\Intel(R) Management Engine Components\DAL;C:\Program Files (x86)\Intel\Intel(R) Management Engine Components\IPT;C:\Program Files (x86)\Intel\OpenCL SDK\2.0\bin\x86;C:\Program Files (x86)\Intel\OpenCL SDK\2.0\bin\x64;C:\Program Files\Microsoft\Web Platform Installer\;C:\Program Files (x86)\Microsoft ASP.NET\ASP.NET Web Pages\v1.0\;C:\Program Files (x86)\Windows Kits\8.0\Windows Performance Toolkit\;C:\cygwin\bin;C:\Program Files (x86)\QuickTime\QTSystem\;C:\Program Files\MATLAB\R2011a\runtime\win64;C:\Program Files\MATLAB\R2011a\bin;C:\VXIPNP\WinNT\Bin;C:\Program Files (x86)\Java\jdk1.7.0_10\bin;C:\Program Files (x86)\Jar2Exe Wizard\;E:\eclipse;
USERNAME=Mateusz Zatorski
OS=Windows_NT
PROCESSOR_IDENTIFIER=Intel64 Family 6 Model 58 Stepping 9, GenuineIntel



---------------  S Y S T E M  ---------------

OS: Windows 8 , 64 bit Build 9200 

CPU:total 4 (2 cores per cpu, 2 threads per core) family 6 model 58 stepping 9, cmov, cx8, fxsr, mmx, sse, sse2, sse3, ssse3, sse4.1, sse4.2, popcnt, avx, ht, tsc, tscinvbit, tscinv

Memory: 4k page, physical 16677224k(14018980k free), swap 19036520k(15947208k free)

vm_info: Java HotSpot(TM) Client VM (23.6-b04) for windows-x86 JRE (1.7.0_10-b18), built on Nov 28 2012 08:34:29 by "java_re" with unknown MS VC++:1600

time: Tue Apr 02 12:43:45 2013
elapsed time: 245 seconds

